<?xml version="1.0" encoding="UTF-8"?>
<!-- Generated by org.testng.reporters.JUnitXMLReporter -->
<testsuite hostname="BeastPC" ignored="0" name="Default test" tests="21" failures="0" timestamp="2022-03-22T11:18:26 IST" time="344.898" errors="0">
  <testcase name="Scenario" time="19.263" classname="com.runner.FreeCRMRunner"/>
  <testcase name="Scenario" time="20.042" classname="com.runner.FreeCRMRunner"/>
  <testcase name="Scenario" time="20.246" classname="com.runner.FreeCRMRunner"/>
  <testcase name="Scenario" time="17.684" classname="com.runner.FreeCRMRunner"/>
  <testcase name="Scenario" time="19.28" classname="com.runner.FreeCRMRunner"/>
  <testcase name="Scenario" time="14.467" classname="com.runner.FreeCRMRunner"/>
  <testcase name="Scenario" time="15.552" classname="com.runner.FreeCRMRunner"/>
  <testcase name="Scenario" time="21.088" classname="com.runner.FreeCRMRunner"/>
  <testcase name="Scenario" time="19.923" classname="com.runner.FreeCRMRunner"/>
  <testcase name="Scenario" time="23.757" classname="com.runner.FreeCRMRunner"/>
  <testcase name="Scenario" time="34.355" classname="com.runner.FreeCRMRunner"/>
  <testcase name="Scenario" time="3.234" classname="com.runner.FreeCRMRunner"/>
  <testcase name="Scenario" time="5.295" classname="com.runner.FreeCRMRunner"/>
  <testcase name="Scenario" time="6.459" classname="com.runner.FreeCRMRunner"/>
  <testcase name="Scenario" time="6.24" classname="com.runner.FreeCRMRunner"/>
  <testcase name="Scenario" time="9.364" classname="com.runner.FreeCRMRunner"/>
  <testcase name="Scenario" time="20.379" classname="com.runner.FreeCRMRunner"/>
  <testcase name="Scenario" time="8.195" classname="com.runner.FreeCRMRunner"/>
  <testcase name="Scenario" time="10.524" classname="com.runner.FreeCRMRunner"/>
  <testcase name="Scenario" time="14.804" classname="com.runner.FreeCRMRunner"/>
  <testcase name="Scenario" time="32.763" classname="com.runner.FreeCRMRunner"/>
</testsuite> <!-- Default test -->
