<?xml version="1.0" encoding="UTF-8"?>
<!-- Generated by org.testng.reporters.JUnitXMLReporter -->
<testsuite hostname="BeastPC" ignored="0" name="Command line test" tests="21" failures="21" timestamp="2022-03-22T10:50:27 IST" time="1.709" errors="0">
  <testcase name="Scenario" time="0.084" classname="com.runner.FreeCRMRunner">
    <failure type="io.cucumber.core.runner.DuplicateStepDefinitionException" message="Duplicate step definitions in com.stepDefinition.AddContact.user_clicks_on_cancel() and com.stepDefinition.CompaniesTest.user_clicks_on_cancel()">
      <![CDATA[io.cucumber.core.runner.DuplicateStepDefinitionException: Duplicate step definitions in com.stepDefinition.AddContact.user_clicks_on_cancel() and com.stepDefinition.CompaniesTest.user_clicks_on_cancel()
at io.cucumber.core.runner.CachingGlue.lambda$prepareGlue$3(CachingGlue.java:277)
at java.util.ArrayList.forEach(ArrayList.java:1259)
at io.cucumber.core.runner.CachingGlue.prepareGlue(CachingGlue.java:271)
at io.cucumber.core.runner.Runner.runPickle(Runner.java:72)
at io.cucumber.testng.TestNGCucumberRunner.lambda$runScenario$1(TestNGCucumberRunner.java:132)
at io.cucumber.core.runtime.CucumberExecutionContext.lambda$runTestCase$3(CucumberExecutionContext.java:151)
at io.cucumber.core.runtime.RethrowingThrowableCollector.executeAndThrow(RethrowingThrowableCollector.java:23)
at io.cucumber.core.runtime.CucumberExecutionContext.runTestCase(CucumberExecutionContext.java:151)
at io.cucumber.testng.TestNGCucumberRunner.runScenario(TestNGCucumberRunner.java:129)
at com.runner.FreeCRMRunner.Scenario(FreeCRMRunner.java:71)
at java.util.ArrayList.forEach(ArrayList.java:1259)
... Removed 36 stack frames]]>
    </failure>
  </testcase> <!-- Scenario -->
  <testcase name="Scenario" time="0.011" classname="com.runner.FreeCRMRunner">
    <failure type="io.cucumber.core.runner.DuplicateStepDefinitionException" message="Duplicate step definitions in com.stepDefinition.AddContact.user_clicks_on_cancel() and com.stepDefinition.CompaniesTest.user_clicks_on_cancel()">
      <![CDATA[io.cucumber.core.runner.DuplicateStepDefinitionException: Duplicate step definitions in com.stepDefinition.AddContact.user_clicks_on_cancel() and com.stepDefinition.CompaniesTest.user_clicks_on_cancel()
at io.cucumber.core.runner.CachingGlue.lambda$prepareGlue$3(CachingGlue.java:277)
at java.util.ArrayList.forEach(ArrayList.java:1259)
at io.cucumber.core.runner.CachingGlue.prepareGlue(CachingGlue.java:271)
at io.cucumber.core.runner.Runner.runPickle(Runner.java:72)
at io.cucumber.testng.TestNGCucumberRunner.lambda$runScenario$1(TestNGCucumberRunner.java:132)
at io.cucumber.core.runtime.CucumberExecutionContext.lambda$runTestCase$3(CucumberExecutionContext.java:151)
at io.cucumber.core.runtime.RethrowingThrowableCollector.executeAndThrow(RethrowingThrowableCollector.java:23)
at io.cucumber.core.runtime.CucumberExecutionContext.runTestCase(CucumberExecutionContext.java:151)
at io.cucumber.testng.TestNGCucumberRunner.runScenario(TestNGCucumberRunner.java:129)
at com.runner.FreeCRMRunner.Scenario(FreeCRMRunner.java:71)
at java.util.ArrayList.forEach(ArrayList.java:1259)
... Removed 36 stack frames]]>
    </failure>
  </testcase> <!-- Scenario -->
  <testcase name="Scenario" time="0.013" classname="com.runner.FreeCRMRunner">
    <failure type="io.cucumber.core.runner.DuplicateStepDefinitionException" message="Duplicate step definitions in com.stepDefinition.AddContact.user_clicks_on_cancel() and com.stepDefinition.CompaniesTest.user_clicks_on_cancel()">
      <![CDATA[io.cucumber.core.runner.DuplicateStepDefinitionException: Duplicate step definitions in com.stepDefinition.AddContact.user_clicks_on_cancel() and com.stepDefinition.CompaniesTest.user_clicks_on_cancel()
at io.cucumber.core.runner.CachingGlue.lambda$prepareGlue$3(CachingGlue.java:277)
at java.util.ArrayList.forEach(ArrayList.java:1259)
at io.cucumber.core.runner.CachingGlue.prepareGlue(CachingGlue.java:271)
at io.cucumber.core.runner.Runner.runPickle(Runner.java:72)
at io.cucumber.testng.TestNGCucumberRunner.lambda$runScenario$1(TestNGCucumberRunner.java:132)
at io.cucumber.core.runtime.CucumberExecutionContext.lambda$runTestCase$3(CucumberExecutionContext.java:151)
at io.cucumber.core.runtime.RethrowingThrowableCollector.executeAndThrow(RethrowingThrowableCollector.java:23)
at io.cucumber.core.runtime.CucumberExecutionContext.runTestCase(CucumberExecutionContext.java:151)
at io.cucumber.testng.TestNGCucumberRunner.runScenario(TestNGCucumberRunner.java:129)
at com.runner.FreeCRMRunner.Scenario(FreeCRMRunner.java:71)
at java.util.ArrayList.forEach(ArrayList.java:1259)
... Removed 36 stack frames]]>
    </failure>
  </testcase> <!-- Scenario -->
  <testcase name="Scenario" time="0.008" classname="com.runner.FreeCRMRunner">
    <failure type="io.cucumber.core.runner.DuplicateStepDefinitionException" message="Duplicate step definitions in com.stepDefinition.AddContact.user_clicks_on_cancel() and com.stepDefinition.CompaniesTest.user_clicks_on_cancel()">
      <![CDATA[io.cucumber.core.runner.DuplicateStepDefinitionException: Duplicate step definitions in com.stepDefinition.AddContact.user_clicks_on_cancel() and com.stepDefinition.CompaniesTest.user_clicks_on_cancel()
at io.cucumber.core.runner.CachingGlue.lambda$prepareGlue$3(CachingGlue.java:277)
at java.util.ArrayList.forEach(ArrayList.java:1259)
at io.cucumber.core.runner.CachingGlue.prepareGlue(CachingGlue.java:271)
at io.cucumber.core.runner.Runner.runPickle(Runner.java:72)
at io.cucumber.testng.TestNGCucumberRunner.lambda$runScenario$1(TestNGCucumberRunner.java:132)
at io.cucumber.core.runtime.CucumberExecutionContext.lambda$runTestCase$3(CucumberExecutionContext.java:151)
at io.cucumber.core.runtime.RethrowingThrowableCollector.executeAndThrow(RethrowingThrowableCollector.java:23)
at io.cucumber.core.runtime.CucumberExecutionContext.runTestCase(CucumberExecutionContext.java:151)
at io.cucumber.testng.TestNGCucumberRunner.runScenario(TestNGCucumberRunner.java:129)
at com.runner.FreeCRMRunner.Scenario(FreeCRMRunner.java:71)
at java.util.ArrayList.forEach(ArrayList.java:1259)
... Removed 36 stack frames]]>
    </failure>
  </testcase> <!-- Scenario -->
  <testcase name="Scenario" time="0.011" classname="com.runner.FreeCRMRunner">
    <failure type="io.cucumber.core.runner.DuplicateStepDefinitionException" message="Duplicate step definitions in com.stepDefinition.AddContact.user_clicks_on_cancel() and com.stepDefinition.CompaniesTest.user_clicks_on_cancel()">
      <![CDATA[io.cucumber.core.runner.DuplicateStepDefinitionException: Duplicate step definitions in com.stepDefinition.AddContact.user_clicks_on_cancel() and com.stepDefinition.CompaniesTest.user_clicks_on_cancel()
at io.cucumber.core.runner.CachingGlue.lambda$prepareGlue$3(CachingGlue.java:277)
at java.util.ArrayList.forEach(ArrayList.java:1259)
at io.cucumber.core.runner.CachingGlue.prepareGlue(CachingGlue.java:271)
at io.cucumber.core.runner.Runner.runPickle(Runner.java:72)
at io.cucumber.testng.TestNGCucumberRunner.lambda$runScenario$1(TestNGCucumberRunner.java:132)
at io.cucumber.core.runtime.CucumberExecutionContext.lambda$runTestCase$3(CucumberExecutionContext.java:151)
at io.cucumber.core.runtime.RethrowingThrowableCollector.executeAndThrow(RethrowingThrowableCollector.java:23)
at io.cucumber.core.runtime.CucumberExecutionContext.runTestCase(CucumberExecutionContext.java:151)
at io.cucumber.testng.TestNGCucumberRunner.runScenario(TestNGCucumberRunner.java:129)
at com.runner.FreeCRMRunner.Scenario(FreeCRMRunner.java:71)
at java.util.ArrayList.forEach(ArrayList.java:1259)
... Removed 36 stack frames]]>
    </failure>
  </testcase> <!-- Scenario -->
  <testcase name="Scenario" time="0.013" classname="com.runner.FreeCRMRunner">
    <failure type="io.cucumber.core.runner.DuplicateStepDefinitionException" message="Duplicate step definitions in com.stepDefinition.AddContact.user_clicks_on_cancel() and com.stepDefinition.CompaniesTest.user_clicks_on_cancel()">
      <![CDATA[io.cucumber.core.runner.DuplicateStepDefinitionException: Duplicate step definitions in com.stepDefinition.AddContact.user_clicks_on_cancel() and com.stepDefinition.CompaniesTest.user_clicks_on_cancel()
at io.cucumber.core.runner.CachingGlue.lambda$prepareGlue$3(CachingGlue.java:277)
at java.util.ArrayList.forEach(ArrayList.java:1259)
at io.cucumber.core.runner.CachingGlue.prepareGlue(CachingGlue.java:271)
at io.cucumber.core.runner.Runner.runPickle(Runner.java:72)
at io.cucumber.testng.TestNGCucumberRunner.lambda$runScenario$1(TestNGCucumberRunner.java:132)
at io.cucumber.core.runtime.CucumberExecutionContext.lambda$runTestCase$3(CucumberExecutionContext.java:151)
at io.cucumber.core.runtime.RethrowingThrowableCollector.executeAndThrow(RethrowingThrowableCollector.java:23)
at io.cucumber.core.runtime.CucumberExecutionContext.runTestCase(CucumberExecutionContext.java:151)
at io.cucumber.testng.TestNGCucumberRunner.runScenario(TestNGCucumberRunner.java:129)
at com.runner.FreeCRMRunner.Scenario(FreeCRMRunner.java:71)
at java.util.ArrayList.forEach(ArrayList.java:1259)
... Removed 36 stack frames]]>
    </failure>
  </testcase> <!-- Scenario -->
  <testcase name="Scenario" time="0.008" classname="com.runner.FreeCRMRunner">
    <failure type="io.cucumber.core.runner.DuplicateStepDefinitionException" message="Duplicate step definitions in com.stepDefinition.AddContact.user_clicks_on_cancel() and com.stepDefinition.CompaniesTest.user_clicks_on_cancel()">
      <![CDATA[io.cucumber.core.runner.DuplicateStepDefinitionException: Duplicate step definitions in com.stepDefinition.AddContact.user_clicks_on_cancel() and com.stepDefinition.CompaniesTest.user_clicks_on_cancel()
at io.cucumber.core.runner.CachingGlue.lambda$prepareGlue$3(CachingGlue.java:277)
at java.util.ArrayList.forEach(ArrayList.java:1259)
at io.cucumber.core.runner.CachingGlue.prepareGlue(CachingGlue.java:271)
at io.cucumber.core.runner.Runner.runPickle(Runner.java:72)
at io.cucumber.testng.TestNGCucumberRunner.lambda$runScenario$1(TestNGCucumberRunner.java:132)
at io.cucumber.core.runtime.CucumberExecutionContext.lambda$runTestCase$3(CucumberExecutionContext.java:151)
at io.cucumber.core.runtime.RethrowingThrowableCollector.executeAndThrow(RethrowingThrowableCollector.java:23)
at io.cucumber.core.runtime.CucumberExecutionContext.runTestCase(CucumberExecutionContext.java:151)
at io.cucumber.testng.TestNGCucumberRunner.runScenario(TestNGCucumberRunner.java:129)
at com.runner.FreeCRMRunner.Scenario(FreeCRMRunner.java:71)
at java.util.ArrayList.forEach(ArrayList.java:1259)
... Removed 36 stack frames]]>
    </failure>
  </testcase> <!-- Scenario -->
  <testcase name="Scenario" time="0.006" classname="com.runner.FreeCRMRunner">
    <failure type="io.cucumber.core.runner.DuplicateStepDefinitionException" message="Duplicate step definitions in com.stepDefinition.AddContact.user_clicks_on_cancel() and com.stepDefinition.CompaniesTest.user_clicks_on_cancel()">
      <![CDATA[io.cucumber.core.runner.DuplicateStepDefinitionException: Duplicate step definitions in com.stepDefinition.AddContact.user_clicks_on_cancel() and com.stepDefinition.CompaniesTest.user_clicks_on_cancel()
at io.cucumber.core.runner.CachingGlue.lambda$prepareGlue$3(CachingGlue.java:277)
at java.util.ArrayList.forEach(ArrayList.java:1259)
at io.cucumber.core.runner.CachingGlue.prepareGlue(CachingGlue.java:271)
at io.cucumber.core.runner.Runner.runPickle(Runner.java:72)
at io.cucumber.testng.TestNGCucumberRunner.lambda$runScenario$1(TestNGCucumberRunner.java:132)
at io.cucumber.core.runtime.CucumberExecutionContext.lambda$runTestCase$3(CucumberExecutionContext.java:151)
at io.cucumber.core.runtime.RethrowingThrowableCollector.executeAndThrow(RethrowingThrowableCollector.java:23)
at io.cucumber.core.runtime.CucumberExecutionContext.runTestCase(CucumberExecutionContext.java:151)
at io.cucumber.testng.TestNGCucumberRunner.runScenario(TestNGCucumberRunner.java:129)
at com.runner.FreeCRMRunner.Scenario(FreeCRMRunner.java:71)
at java.util.ArrayList.forEach(ArrayList.java:1259)
... Removed 36 stack frames]]>
    </failure>
  </testcase> <!-- Scenario -->
  <testcase name="Scenario" time="0.007" classname="com.runner.FreeCRMRunner">
    <failure type="io.cucumber.core.runner.DuplicateStepDefinitionException" message="Duplicate step definitions in com.stepDefinition.AddContact.user_clicks_on_cancel() and com.stepDefinition.CompaniesTest.user_clicks_on_cancel()">
      <![CDATA[io.cucumber.core.runner.DuplicateStepDefinitionException: Duplicate step definitions in com.stepDefinition.AddContact.user_clicks_on_cancel() and com.stepDefinition.CompaniesTest.user_clicks_on_cancel()
at io.cucumber.core.runner.CachingGlue.lambda$prepareGlue$3(CachingGlue.java:277)
at java.util.ArrayList.forEach(ArrayList.java:1259)
at io.cucumber.core.runner.CachingGlue.prepareGlue(CachingGlue.java:271)
at io.cucumber.core.runner.Runner.runPickle(Runner.java:72)
at io.cucumber.testng.TestNGCucumberRunner.lambda$runScenario$1(TestNGCucumberRunner.java:132)
at io.cucumber.core.runtime.CucumberExecutionContext.lambda$runTestCase$3(CucumberExecutionContext.java:151)
at io.cucumber.core.runtime.RethrowingThrowableCollector.executeAndThrow(RethrowingThrowableCollector.java:23)
at io.cucumber.core.runtime.CucumberExecutionContext.runTestCase(CucumberExecutionContext.java:151)
at io.cucumber.testng.TestNGCucumberRunner.runScenario(TestNGCucumberRunner.java:129)
at com.runner.FreeCRMRunner.Scenario(FreeCRMRunner.java:71)
at java.util.ArrayList.forEach(ArrayList.java:1259)
... Removed 36 stack frames]]>
    </failure>
  </testcase> <!-- Scenario -->
  <testcase name="Scenario" time="0.008" classname="com.runner.FreeCRMRunner">
    <failure type="io.cucumber.core.runner.DuplicateStepDefinitionException" message="Duplicate step definitions in com.stepDefinition.AddContact.user_clicks_on_cancel() and com.stepDefinition.CompaniesTest.user_clicks_on_cancel()">
      <![CDATA[io.cucumber.core.runner.DuplicateStepDefinitionException: Duplicate step definitions in com.stepDefinition.AddContact.user_clicks_on_cancel() and com.stepDefinition.CompaniesTest.user_clicks_on_cancel()
at io.cucumber.core.runner.CachingGlue.lambda$prepareGlue$3(CachingGlue.java:277)
at java.util.ArrayList.forEach(ArrayList.java:1259)
at io.cucumber.core.runner.CachingGlue.prepareGlue(CachingGlue.java:271)
at io.cucumber.core.runner.Runner.runPickle(Runner.java:72)
at io.cucumber.testng.TestNGCucumberRunner.lambda$runScenario$1(TestNGCucumberRunner.java:132)
at io.cucumber.core.runtime.CucumberExecutionContext.lambda$runTestCase$3(CucumberExecutionContext.java:151)
at io.cucumber.core.runtime.RethrowingThrowableCollector.executeAndThrow(RethrowingThrowableCollector.java:23)
at io.cucumber.core.runtime.CucumberExecutionContext.runTestCase(CucumberExecutionContext.java:151)
at io.cucumber.testng.TestNGCucumberRunner.runScenario(TestNGCucumberRunner.java:129)
at com.runner.FreeCRMRunner.Scenario(FreeCRMRunner.java:71)
at java.util.ArrayList.forEach(ArrayList.java:1259)
... Removed 36 stack frames]]>
    </failure>
  </testcase> <!-- Scenario -->
  <testcase name="Scenario" time="0.008" classname="com.runner.FreeCRMRunner">
    <failure type="io.cucumber.core.runner.DuplicateStepDefinitionException" message="Duplicate step definitions in com.stepDefinition.AddContact.user_clicks_on_cancel() and com.stepDefinition.CompaniesTest.user_clicks_on_cancel()">
      <![CDATA[io.cucumber.core.runner.DuplicateStepDefinitionException: Duplicate step definitions in com.stepDefinition.AddContact.user_clicks_on_cancel() and com.stepDefinition.CompaniesTest.user_clicks_on_cancel()
at io.cucumber.core.runner.CachingGlue.lambda$prepareGlue$3(CachingGlue.java:277)
at java.util.ArrayList.forEach(ArrayList.java:1259)
at io.cucumber.core.runner.CachingGlue.prepareGlue(CachingGlue.java:271)
at io.cucumber.core.runner.Runner.runPickle(Runner.java:72)
at io.cucumber.testng.TestNGCucumberRunner.lambda$runScenario$1(TestNGCucumberRunner.java:132)
at io.cucumber.core.runtime.CucumberExecutionContext.lambda$runTestCase$3(CucumberExecutionContext.java:151)
at io.cucumber.core.runtime.RethrowingThrowableCollector.executeAndThrow(RethrowingThrowableCollector.java:23)
at io.cucumber.core.runtime.CucumberExecutionContext.runTestCase(CucumberExecutionContext.java:151)
at io.cucumber.testng.TestNGCucumberRunner.runScenario(TestNGCucumberRunner.java:129)
at com.runner.FreeCRMRunner.Scenario(FreeCRMRunner.java:71)
at java.util.ArrayList.forEach(ArrayList.java:1259)
... Removed 36 stack frames]]>
    </failure>
  </testcase> <!-- Scenario -->
  <testcase name="Scenario" time="0.007" classname="com.runner.FreeCRMRunner">
    <failure type="io.cucumber.core.runner.DuplicateStepDefinitionException" message="Duplicate step definitions in com.stepDefinition.AddContact.user_clicks_on_cancel() and com.stepDefinition.CompaniesTest.user_clicks_on_cancel()">
      <![CDATA[io.cucumber.core.runner.DuplicateStepDefinitionException: Duplicate step definitions in com.stepDefinition.AddContact.user_clicks_on_cancel() and com.stepDefinition.CompaniesTest.user_clicks_on_cancel()
at io.cucumber.core.runner.CachingGlue.lambda$prepareGlue$3(CachingGlue.java:277)
at java.util.ArrayList.forEach(ArrayList.java:1259)
at io.cucumber.core.runner.CachingGlue.prepareGlue(CachingGlue.java:271)
at io.cucumber.core.runner.Runner.runPickle(Runner.java:72)
at io.cucumber.testng.TestNGCucumberRunner.lambda$runScenario$1(TestNGCucumberRunner.java:132)
at io.cucumber.core.runtime.CucumberExecutionContext.lambda$runTestCase$3(CucumberExecutionContext.java:151)
at io.cucumber.core.runtime.RethrowingThrowableCollector.executeAndThrow(RethrowingThrowableCollector.java:23)
at io.cucumber.core.runtime.CucumberExecutionContext.runTestCase(CucumberExecutionContext.java:151)
at io.cucumber.testng.TestNGCucumberRunner.runScenario(TestNGCucumberRunner.java:129)
at com.runner.FreeCRMRunner.Scenario(FreeCRMRunner.java:71)
at java.util.ArrayList.forEach(ArrayList.java:1259)
... Removed 36 stack frames]]>
    </failure>
  </testcase> <!-- Scenario -->
  <testcase name="Scenario" time="0.005" classname="com.runner.FreeCRMRunner">
    <failure type="io.cucumber.core.runner.DuplicateStepDefinitionException" message="Duplicate step definitions in com.stepDefinition.AddContact.user_clicks_on_cancel() and com.stepDefinition.CompaniesTest.user_clicks_on_cancel()">
      <![CDATA[io.cucumber.core.runner.DuplicateStepDefinitionException: Duplicate step definitions in com.stepDefinition.AddContact.user_clicks_on_cancel() and com.stepDefinition.CompaniesTest.user_clicks_on_cancel()
at io.cucumber.core.runner.CachingGlue.lambda$prepareGlue$3(CachingGlue.java:277)
at java.util.ArrayList.forEach(ArrayList.java:1259)
at io.cucumber.core.runner.CachingGlue.prepareGlue(CachingGlue.java:271)
at io.cucumber.core.runner.Runner.runPickle(Runner.java:72)
at io.cucumber.testng.TestNGCucumberRunner.lambda$runScenario$1(TestNGCucumberRunner.java:132)
at io.cucumber.core.runtime.CucumberExecutionContext.lambda$runTestCase$3(CucumberExecutionContext.java:151)
at io.cucumber.core.runtime.RethrowingThrowableCollector.executeAndThrow(RethrowingThrowableCollector.java:23)
at io.cucumber.core.runtime.CucumberExecutionContext.runTestCase(CucumberExecutionContext.java:151)
at io.cucumber.testng.TestNGCucumberRunner.runScenario(TestNGCucumberRunner.java:129)
at com.runner.FreeCRMRunner.Scenario(FreeCRMRunner.java:71)
at java.util.ArrayList.forEach(ArrayList.java:1259)
... Removed 36 stack frames]]>
    </failure>
  </testcase> <!-- Scenario -->
  <testcase name="Scenario" time="0.005" classname="com.runner.FreeCRMRunner">
    <failure type="io.cucumber.core.runner.DuplicateStepDefinitionException" message="Duplicate step definitions in com.stepDefinition.AddContact.user_clicks_on_cancel() and com.stepDefinition.CompaniesTest.user_clicks_on_cancel()">
      <![CDATA[io.cucumber.core.runner.DuplicateStepDefinitionException: Duplicate step definitions in com.stepDefinition.AddContact.user_clicks_on_cancel() and com.stepDefinition.CompaniesTest.user_clicks_on_cancel()
at io.cucumber.core.runner.CachingGlue.lambda$prepareGlue$3(CachingGlue.java:277)
at java.util.ArrayList.forEach(ArrayList.java:1259)
at io.cucumber.core.runner.CachingGlue.prepareGlue(CachingGlue.java:271)
at io.cucumber.core.runner.Runner.runPickle(Runner.java:72)
at io.cucumber.testng.TestNGCucumberRunner.lambda$runScenario$1(TestNGCucumberRunner.java:132)
at io.cucumber.core.runtime.CucumberExecutionContext.lambda$runTestCase$3(CucumberExecutionContext.java:151)
at io.cucumber.core.runtime.RethrowingThrowableCollector.executeAndThrow(RethrowingThrowableCollector.java:23)
at io.cucumber.core.runtime.CucumberExecutionContext.runTestCase(CucumberExecutionContext.java:151)
at io.cucumber.testng.TestNGCucumberRunner.runScenario(TestNGCucumberRunner.java:129)
at com.runner.FreeCRMRunner.Scenario(FreeCRMRunner.java:71)
at java.util.ArrayList.forEach(ArrayList.java:1259)
... Removed 36 stack frames]]>
    </failure>
  </testcase> <!-- Scenario -->
  <testcase name="Scenario" time="0.006" classname="com.runner.FreeCRMRunner">
    <failure type="io.cucumber.core.runner.DuplicateStepDefinitionException" message="Duplicate step definitions in com.stepDefinition.AddContact.user_clicks_on_cancel() and com.stepDefinition.CompaniesTest.user_clicks_on_cancel()">
      <![CDATA[io.cucumber.core.runner.DuplicateStepDefinitionException: Duplicate step definitions in com.stepDefinition.AddContact.user_clicks_on_cancel() and com.stepDefinition.CompaniesTest.user_clicks_on_cancel()
at io.cucumber.core.runner.CachingGlue.lambda$prepareGlue$3(CachingGlue.java:277)
at java.util.ArrayList.forEach(ArrayList.java:1259)
at io.cucumber.core.runner.CachingGlue.prepareGlue(CachingGlue.java:271)
at io.cucumber.core.runner.Runner.runPickle(Runner.java:72)
at io.cucumber.testng.TestNGCucumberRunner.lambda$runScenario$1(TestNGCucumberRunner.java:132)
at io.cucumber.core.runtime.CucumberExecutionContext.lambda$runTestCase$3(CucumberExecutionContext.java:151)
at io.cucumber.core.runtime.RethrowingThrowableCollector.executeAndThrow(RethrowingThrowableCollector.java:23)
at io.cucumber.core.runtime.CucumberExecutionContext.runTestCase(CucumberExecutionContext.java:151)
at io.cucumber.testng.TestNGCucumberRunner.runScenario(TestNGCucumberRunner.java:129)
at com.runner.FreeCRMRunner.Scenario(FreeCRMRunner.java:71)
at java.util.ArrayList.forEach(ArrayList.java:1259)
... Removed 36 stack frames]]>
    </failure>
  </testcase> <!-- Scenario -->
  <testcase name="Scenario" time="0.006" classname="com.runner.FreeCRMRunner">
    <failure type="io.cucumber.core.runner.DuplicateStepDefinitionException" message="Duplicate step definitions in com.stepDefinition.AddContact.user_clicks_on_cancel() and com.stepDefinition.CompaniesTest.user_clicks_on_cancel()">
      <![CDATA[io.cucumber.core.runner.DuplicateStepDefinitionException: Duplicate step definitions in com.stepDefinition.AddContact.user_clicks_on_cancel() and com.stepDefinition.CompaniesTest.user_clicks_on_cancel()
at io.cucumber.core.runner.CachingGlue.lambda$prepareGlue$3(CachingGlue.java:277)
at java.util.ArrayList.forEach(ArrayList.java:1259)
at io.cucumber.core.runner.CachingGlue.prepareGlue(CachingGlue.java:271)
at io.cucumber.core.runner.Runner.runPickle(Runner.java:72)
at io.cucumber.testng.TestNGCucumberRunner.lambda$runScenario$1(TestNGCucumberRunner.java:132)
at io.cucumber.core.runtime.CucumberExecutionContext.lambda$runTestCase$3(CucumberExecutionContext.java:151)
at io.cucumber.core.runtime.RethrowingThrowableCollector.executeAndThrow(RethrowingThrowableCollector.java:23)
at io.cucumber.core.runtime.CucumberExecutionContext.runTestCase(CucumberExecutionContext.java:151)
at io.cucumber.testng.TestNGCucumberRunner.runScenario(TestNGCucumberRunner.java:129)
at com.runner.FreeCRMRunner.Scenario(FreeCRMRunner.java:71)
at java.util.ArrayList.forEach(ArrayList.java:1259)
... Removed 36 stack frames]]>
    </failure>
  </testcase> <!-- Scenario -->
  <testcase name="Scenario" time="0.004" classname="com.runner.FreeCRMRunner">
    <failure type="io.cucumber.core.runner.DuplicateStepDefinitionException" message="Duplicate step definitions in com.stepDefinition.AddContact.user_clicks_on_cancel() and com.stepDefinition.CompaniesTest.user_clicks_on_cancel()">
      <![CDATA[io.cucumber.core.runner.DuplicateStepDefinitionException: Duplicate step definitions in com.stepDefinition.AddContact.user_clicks_on_cancel() and com.stepDefinition.CompaniesTest.user_clicks_on_cancel()
at io.cucumber.core.runner.CachingGlue.lambda$prepareGlue$3(CachingGlue.java:277)
at java.util.ArrayList.forEach(ArrayList.java:1259)
at io.cucumber.core.runner.CachingGlue.prepareGlue(CachingGlue.java:271)
at io.cucumber.core.runner.Runner.runPickle(Runner.java:72)
at io.cucumber.testng.TestNGCucumberRunner.lambda$runScenario$1(TestNGCucumberRunner.java:132)
at io.cucumber.core.runtime.CucumberExecutionContext.lambda$runTestCase$3(CucumberExecutionContext.java:151)
at io.cucumber.core.runtime.RethrowingThrowableCollector.executeAndThrow(RethrowingThrowableCollector.java:23)
at io.cucumber.core.runtime.CucumberExecutionContext.runTestCase(CucumberExecutionContext.java:151)
at io.cucumber.testng.TestNGCucumberRunner.runScenario(TestNGCucumberRunner.java:129)
at com.runner.FreeCRMRunner.Scenario(FreeCRMRunner.java:71)
at java.util.ArrayList.forEach(ArrayList.java:1259)
... Removed 35 stack frames]]>
    </failure>
  </testcase> <!-- Scenario -->
  <testcase name="Scenario" time="0.007" classname="com.runner.FreeCRMRunner">
    <failure type="io.cucumber.core.runner.DuplicateStepDefinitionException" message="Duplicate step definitions in com.stepDefinition.AddContact.user_clicks_on_cancel() and com.stepDefinition.CompaniesTest.user_clicks_on_cancel()">
      <![CDATA[io.cucumber.core.runner.DuplicateStepDefinitionException: Duplicate step definitions in com.stepDefinition.AddContact.user_clicks_on_cancel() and com.stepDefinition.CompaniesTest.user_clicks_on_cancel()
at io.cucumber.core.runner.CachingGlue.lambda$prepareGlue$3(CachingGlue.java:277)
at java.util.ArrayList.forEach(ArrayList.java:1259)
at io.cucumber.core.runner.CachingGlue.prepareGlue(CachingGlue.java:271)
at io.cucumber.core.runner.Runner.runPickle(Runner.java:72)
at io.cucumber.testng.TestNGCucumberRunner.lambda$runScenario$1(TestNGCucumberRunner.java:132)
at io.cucumber.core.runtime.CucumberExecutionContext.lambda$runTestCase$3(CucumberExecutionContext.java:151)
at io.cucumber.core.runtime.RethrowingThrowableCollector.executeAndThrow(RethrowingThrowableCollector.java:23)
at io.cucumber.core.runtime.CucumberExecutionContext.runTestCase(CucumberExecutionContext.java:151)
at io.cucumber.testng.TestNGCucumberRunner.runScenario(TestNGCucumberRunner.java:129)
at com.runner.FreeCRMRunner.Scenario(FreeCRMRunner.java:71)
at java.util.ArrayList.forEach(ArrayList.java:1259)
... Removed 35 stack frames]]>
    </failure>
  </testcase> <!-- Scenario -->
  <testcase name="Scenario" time="0.006" classname="com.runner.FreeCRMRunner">
    <failure type="io.cucumber.core.runner.DuplicateStepDefinitionException" message="Duplicate step definitions in com.stepDefinition.AddContact.user_clicks_on_cancel() and com.stepDefinition.CompaniesTest.user_clicks_on_cancel()">
      <![CDATA[io.cucumber.core.runner.DuplicateStepDefinitionException: Duplicate step definitions in com.stepDefinition.AddContact.user_clicks_on_cancel() and com.stepDefinition.CompaniesTest.user_clicks_on_cancel()
at io.cucumber.core.runner.CachingGlue.lambda$prepareGlue$3(CachingGlue.java:277)
at java.util.ArrayList.forEach(ArrayList.java:1259)
at io.cucumber.core.runner.CachingGlue.prepareGlue(CachingGlue.java:271)
at io.cucumber.core.runner.Runner.runPickle(Runner.java:72)
at io.cucumber.testng.TestNGCucumberRunner.lambda$runScenario$1(TestNGCucumberRunner.java:132)
at io.cucumber.core.runtime.CucumberExecutionContext.lambda$runTestCase$3(CucumberExecutionContext.java:151)
at io.cucumber.core.runtime.RethrowingThrowableCollector.executeAndThrow(RethrowingThrowableCollector.java:23)
at io.cucumber.core.runtime.CucumberExecutionContext.runTestCase(CucumberExecutionContext.java:151)
at io.cucumber.testng.TestNGCucumberRunner.runScenario(TestNGCucumberRunner.java:129)
at com.runner.FreeCRMRunner.Scenario(FreeCRMRunner.java:71)
at java.util.ArrayList.forEach(ArrayList.java:1259)
... Removed 35 stack frames]]>
    </failure>
  </testcase> <!-- Scenario -->
  <testcase name="Scenario" time="0.003" classname="com.runner.FreeCRMRunner">
    <failure type="io.cucumber.core.runner.DuplicateStepDefinitionException" message="Duplicate step definitions in com.stepDefinition.AddContact.user_clicks_on_cancel() and com.stepDefinition.CompaniesTest.user_clicks_on_cancel()">
      <![CDATA[io.cucumber.core.runner.DuplicateStepDefinitionException: Duplicate step definitions in com.stepDefinition.AddContact.user_clicks_on_cancel() and com.stepDefinition.CompaniesTest.user_clicks_on_cancel()
at io.cucumber.core.runner.CachingGlue.lambda$prepareGlue$3(CachingGlue.java:277)
at java.util.ArrayList.forEach(ArrayList.java:1259)
at io.cucumber.core.runner.CachingGlue.prepareGlue(CachingGlue.java:271)
at io.cucumber.core.runner.Runner.runPickle(Runner.java:72)
at io.cucumber.testng.TestNGCucumberRunner.lambda$runScenario$1(TestNGCucumberRunner.java:132)
at io.cucumber.core.runtime.CucumberExecutionContext.lambda$runTestCase$3(CucumberExecutionContext.java:151)
at io.cucumber.core.runtime.RethrowingThrowableCollector.executeAndThrow(RethrowingThrowableCollector.java:23)
at io.cucumber.core.runtime.CucumberExecutionContext.runTestCase(CucumberExecutionContext.java:151)
at io.cucumber.testng.TestNGCucumberRunner.runScenario(TestNGCucumberRunner.java:129)
at com.runner.FreeCRMRunner.Scenario(FreeCRMRunner.java:71)
at java.util.ArrayList.forEach(ArrayList.java:1259)
... Removed 35 stack frames]]>
    </failure>
  </testcase> <!-- Scenario -->
  <testcase name="Scenario" time="0.005" classname="com.runner.FreeCRMRunner">
    <failure type="io.cucumber.core.runner.DuplicateStepDefinitionException" message="Duplicate step definitions in com.stepDefinition.AddContact.user_clicks_on_cancel() and com.stepDefinition.CompaniesTest.user_clicks_on_cancel()">
      <![CDATA[io.cucumber.core.runner.DuplicateStepDefinitionException: Duplicate step definitions in com.stepDefinition.AddContact.user_clicks_on_cancel() and com.stepDefinition.CompaniesTest.user_clicks_on_cancel()
at io.cucumber.core.runner.CachingGlue.lambda$prepareGlue$3(CachingGlue.java:277)
at java.util.ArrayList.forEach(ArrayList.java:1259)
at io.cucumber.core.runner.CachingGlue.prepareGlue(CachingGlue.java:271)
at io.cucumber.core.runner.Runner.runPickle(Runner.java:72)
at io.cucumber.testng.TestNGCucumberRunner.lambda$runScenario$1(TestNGCucumberRunner.java:132)
at io.cucumber.core.runtime.CucumberExecutionContext.lambda$runTestCase$3(CucumberExecutionContext.java:151)
at io.cucumber.core.runtime.RethrowingThrowableCollector.executeAndThrow(RethrowingThrowableCollector.java:23)
at io.cucumber.core.runtime.CucumberExecutionContext.runTestCase(CucumberExecutionContext.java:151)
at io.cucumber.testng.TestNGCucumberRunner.runScenario(TestNGCucumberRunner.java:129)
at com.runner.FreeCRMRunner.Scenario(FreeCRMRunner.java:71)
at java.util.ArrayList.forEach(ArrayList.java:1259)
... Removed 35 stack frames]]>
    </failure>
  </testcase> <!-- Scenario -->
</testsuite> <!-- Command line test -->
